<?xml version="1.0" encoding="UTF-8"?>
<testsuite xmlns:xsi="http://www.w3.org/2001/XMLSchema-instance" xsi:noNamespaceSchemaLocation="https://maven.apache.org/surefire/maven-failsafe-plugin/xsd/failsafe-test-report.xsd" name="org.jboss.as.quickstarts.kitchensink.test.RemoteMemberRegistrationIT" time="0.362" tests="1" errors="0" skipped="0" failures="0">
  <properties>
[...]
</properties>
  <testcase name="testRegister" classname="org.jboss.as.quickstarts.kitchensink.test.RemoteMemberRegistrationIT" time="0.328"/>
</testsuite>